2019-08-22 01:20:50,527 - Request and result send to queue 'Search'
2019-08-22 01:20:50,527 - Client data: {'search_array': [1, 3, 5, 8, 10, 12], 'search_element': 10}, search result: 4
2019-08-22 01:30:00,103 - Request and result send to queue 'Search'
2019-08-22 01:30:00,103 - Client data: {'search_array': [1, 3, 5, 8, 10, 12], 'search_element': 10}, search result: 4
2019-08-22 01:38:01,025 - Request and result send to queue 'Search'
2019-08-22 01:38:01,025 - Client data: {'search_array': [1, 3, 5, 8, 10, 12], 'search_element': 5}, search result: 2
2019-08-22 02:40:37,786 - Client data: {'search_array': [1, 3, 5, 8, 10, 12], 'search_element': 8}, search result: 3
2019-08-22 02:41:56,117 - Client data: {'search_array': [1, 3, 5, 8, 10, 12], 'search_element': 8}, search result: 3
2019-08-22 02:43:43,651 - Client data: {'search_array': [1, 3, 5, 8, 10, 12], 'search_element': 8}, search result: 3
2019-08-22 02:44:34,352 - Client data: {'search_array': [1, 3, 5, 8, 10, 12], 'search_element': 8}, search result: 3
2019-08-22 02:45:06,192 - ('Request and result send to queue', 'search')
2019-08-22 02:45:06,192 - Client data: {'search_array': [1, 3, 5, 8, 10, 12], 'search_element': 8}, search result: 3
2019-08-22 02:45:25,320 - ('Request and result send to queue', 'search')
2019-08-22 02:45:25,320 - Client data: {'search_array': [1, 3, 5, 8, 10, 12], 'search_element': 8}, search result: 3
2019-08-22 02:46:34,730 - Request and result send to queuesearch
2019-08-22 02:46:34,731 - Client data: {'search_array': [1, 3, 5, 8, 10, 12], 'search_element': 8}, search result: 3
2019-08-22 02:47:33,733 - Request and result send to queue: search
2019-08-22 02:47:33,734 - Client data: {'search_array': [1, 3, 5, 8, 10, 12], 'search_element': 8}, search result: 3
2019-08-22 02:48:37,295 - Request and result send to queue: search
2019-08-22 02:48:37,295 - Client data: {'search_array': [1, 3, 5, 8, 10, 12], 'search_element': 8}, search result: 3
2019-08-22 02:54:28,815 - Request and result send to queue: search
2019-08-22 02:54:28,815 - Client data: {'search_array': [1, 3, 5, 8, 10, 12], 'search_element': 8}, search result: 3
2019-08-23 02:30:33,891 - Request and result send to queue: search
2019-08-23 02:30:33,894 - Client data: {'search_array': [1, 3, 5, 8, 10, 12], 'search_element': 5}, search result: 2
2019-08-23 02:32:13,091 - Request and result send to queue: search
2019-08-23 02:32:13,091 - Client data: {'search_array': [1, 3, 5, 8, 10, 12], 'search_element': 8}, search result: 3
2019-08-23 02:33:19,646 - Request and result send to queue: search
2019-08-23 02:33:19,647 - Client data: {'search_array': [1, 3, 5, 8, 10, 12], 'search_element': 5}, search result: 2
2019-08-23 02:41:34,154 - Request and result send to queue: search
2019-08-23 02:41:34,154 - Client data: {'search_array': [1, 3, 5, 8, 10, 12], 'search_element': 8}, search result: 3
2019-08-23 02:52:57,192 - Request and result send to queue: search
2019-08-23 02:52:57,193 - Client data: {'search_array': [1, 3, 5, 8, 10, 12], 'search_element': 5}, search result: 2
2019-08-23 02:54:31,835 - Request and result send to queue: search
2019-08-23 02:54:31,835 - Client data: {'search_array': [1, 3, 5, 8, 10, 12], 'search_element': 5}, search result: 2
2019-08-23 02:54:45,219 - Request and result send to queue: search
2019-08-23 02:54:45,220 - Client data: {'search_array': [1, 3, 5, 8, 10, 12], 'search_element': 5}, search result: 2
2019-08-23 02:55:47,391 - Request and result send to queue: search
2019-08-23 02:55:47,391 - Client data: {'search_array': [1, 3, 5, 8, 10, 12], 'search_element': 5}, search result: 2
2019-08-23 02:56:34,561 - Request and result send to queue: search
2019-08-23 02:56:34,561 - Client data: {'search_array': [1, 3, 5, 8, 10, 12], 'search_element': 5}, search result: 2
2019-08-23 02:56:44,018 - Request and result send to queue: search
2019-08-23 02:56:44,019 - Client data: {'search_array': [1, 3, 5, 8, 10, 12], 'search_element': 5}, search result: 2
2019-08-23 02:56:51,110 - Request and result send to queue: search
2019-08-23 02:56:51,110 - Client data: {'search_array': [1, 3, 5, 8, 10, 12], 'search_element': 5}, search result: 2
2019-08-23 02:57:29,384 - Request and result send to queue: search
2019-08-23 02:57:29,384 - Client data: {'search_array': [1, 3, 5, 8, 10, 12], 'search_element': 5}, search result: 2
2019-08-23 02:58:42,113 - Request and result send to queue: search
2019-08-23 02:58:42,113 - Client data: {'search_array': [1, 3, 5, 8, 10, 12], 'search_element': 8}, search result: 3
2019-08-23 02:59:35,379 - Request and result send to queue: search
2019-08-23 02:59:35,380 - Client data: {'search_array': [1, 3, 5, 8, 10, 12], 'search_element': 5}, search result: 2
2019-08-23 02:59:40,895 - Request and result send to queue: search
2019-08-23 02:59:40,895 - Client data: {'search_array': [1, 3, 5, 8, 10, 12], 'search_element': 8}, search result: 3
2019-08-27 00:38:40,797 - Request and result send to queue: search
2019-08-27 00:38:40,797 - Client data: {'search_array': [1, 3, 5, 8, 10, 12], 'search_element': 5}, search result: 2
2019-08-27 00:38:59,910 - Request and result send to queue: search
2019-08-27 00:38:59,910 - Client data: {'search_array': [1, 3, 5, 8, 10, 12], 'search_element': 8}, search result: 3
